#-----------------------------------------------------------
# xsim v2025.1 (64-bit)
# SW Build 6140274 on Thu May 22 00:12:29 MDT 2025
# IP Build 6138677 on Thu May 22 03:10:11 MDT 2025
# SharedData Build 6139179 on Tue May 20 17:58:58 MDT 2025
# Start of session at: Sun Apr 19 17:32:23 2026
# Process ID         : 33116
# Current directory  : E:/Users/Steve/Apps/beltech-systems/pssgen/output/balu_ral_session2/tb/scripts/vivado
# Command line       : xsim.exe -log xsim_smoke.log -mode tcl -source {xsim.dir/balu_smoke_snapshot/xsim_script.tcl}
# Log file           : E:/Users/Steve/Apps/beltech-systems/pssgen/output/balu_ral_session2/tb/scripts/vivado/xsim_smoke.log
# Journal file       : E:/Users/Steve/Apps/beltech-systems/pssgen/output/balu_ral_session2/tb/scripts/vivado\xsim.jou
# Running On         : xps-9530-i9-seb
# Platform           : Windows Server 2016 or Windows 10
# Operating System   : 26200
# Processor Detail   : 13th Gen Intel(R) Core(TM) i9-13900H
# CPU Frequency      : 2995 MHz
# CPU Physical cores : 14
# CPU Logical cores  : 20
# Host memory        : 68374 MB
# Swap memory        : 4294 MB
# Total Virtual      : 72669 MB
# Available Virtual  : 38220 MB
#-----------------------------------------------------------
source xsim.dir/balu_smoke_snapshot/xsim_script.tcl
# xsim {balu_smoke_snapshot} -testplusarg UVM_TESTNAME=buffered_axi_lite_uart_smoke_test -testplusarg UVM_VERBOSITY=UVM_LOW -autoloadwcfg -runall
Time resolution is 1 ps
run -all
UVM_INFO C:/Xilinx/2025.1/Vivado/data/system_verilog/uvm_1.2/xlnx_uvm_package.sv(18601) @ 0: reporter [UVM/RELNOTES] 
----------------------------------------------------------------
UVM-1.2
(C) 2007-2014 Mentor Graphics Corporation
(C) 2007-2014 Cadence Design Systems, Inc.
(C) 2006-2014 Synopsys, Inc.
(C) 2011-2013 Cypress Semiconductor Corp.
(C) 2013-2014 NVIDIA Corporation
----------------------------------------------------------------

  ***********       IMPORTANT RELEASE NOTES         ************

  You are using a version of the UVM library that has been compiled
  with `UVM_NO_DEPRECATED undefined.

  You are using a version of the UVM library that has been compiled
  with `UVM_OBJECT_DO_NOT_NEED_CONSTRUCTOR undefined.

      (Specify +UVM_NO_RELNOTES to turn off this notice)

UVM_INFO C:/Xilinx/2025.1/Vivado/data/system_verilog/uvm_1.2/xlnx_uvm_package.sv(18648) @ 0: reporter [NO_DPI_TSTNAME] UVM_NO_DPI defined--getting UVM_TESTNAME directly, without DPI
UVM_INFO @ 0: reporter [RNTST] Running test buffered_axi_lite_uart_smoke_test...
WARNING: The number of coverpoint bins is zero for the coverpoint 'cp_addr' of covergroup instance '	his .axi_transaction_cg'. All the user defined bins in the coverpoint are empty bins and hence it would not contribute towards the overall coverage result.
UVM_WARNING E:/Users/Steve/Apps/beltech-systems/pssgen/output/balu_ral_session2/tb/buffered_axi_lite_uart_scoreboard.sv(33) @ 0: uvm_test_top.env_h.sb [SB] Shadow register map not availabl˙˙˙€” scoreboard checks disabled
UVM_INFO C:/Xilinx/2025.1/Vivado/data/system_verilog/uvm_1.2/xlnx_uvm_package.sv(20867) @ 0: reporter [UVM/COMP/NAMECHECK] This implementation of the component name checks requires DPI to be enabled
UVM_INFO C:/Xilinx/2025.1/Vivado/data/system_verilog/uvm_1.2/xlnx_uvm_package.sv(19968) @ 285000: reporter [TEST_DONE] 'run' phase is ready to proceed to the 'extract' phase
UVM_INFO C:/Xilinx/2025.1/Vivado/data/system_verilog/uvm_1.2/xlnx_uvm_package.sv(13673) @ 285000: reporter [UVM/REPORT/SERVER] 
--- UVM Report Summary ---

** Report counts by severity
UVM_INFO :    5
UVM_WARNING :    1
UVM_ERROR :    0
UVM_FATAL :    0
** Report counts by id
[NO_DPI_TSTNAME]     1
[RNTST]     1
[SB]     1
[TEST_DONE]     1
[UVM/COMP/NAMECHECK]     1
[UVM/RELNOTES]     1

$finish called at time : 285 ns : File "C:/Xilinx/2025.1/Vivado/data/system_verilog/uvm_1.2/xlnx_uvm_package.sv" Line 18699
exit
INFO: [Common 17-206] Exiting xsim at Sun Apr 19 17:32:27 2026...
